<?xml version="1.0" encoding="UTF-8"?>
<!-- Generated by org.testng.reporters.JUnitReportReporter -->
<testsuite hostname="DESKTOP-MOUQU3O" name="TestNG.Subtract" tests="1" failures="0" timestamp="3 Dec 2020 11:58:53 GMT" time="0.000" errors="0">
  <testcase name="sub" time="0.000" classname="TestNG.Subtract"/>
</testsuite> <!-- TestNG.Subtract -->
