<?xml version="1.0" encoding="UTF-8"?>
<!-- Generated by org.testng.reporters.JUnitReportReporter -->
<testsuite hostname="DESKTOP-MOUQU3O" name="TestNG.Multiply" tests="1" failures="0" timestamp="3 Dec 2020 11:58:53 GMT" time="0.000" errors="0">
  <testcase name="mul" time="0.000" classname="TestNG.Multiply"/>
</testsuite> <!-- TestNG.Multiply -->
