<?xml version="1.0" encoding="UTF-8"?>
<!-- Generated by org.testng.reporters.JUnitReportReporter -->
<testsuite hostname="DESKTOP-MOUQU3O" name="TestNG.VerifyTitle" tests="1" failures="0" timestamp="2 Dec 2020 11:29:54 GMT" time="0.352" errors="0">
  <testcase name="verifyHomepageTitle" time="0.352" classname="TestNG.VerifyTitle"/>
</testsuite> <!-- TestNG.VerifyTitle -->
