<?xml version="1.0" encoding="UTF-8"?>
<!-- Generated by org.testng.reporters.JUnitReportReporter -->
<testsuite hostname="DESKTOP-MOUQU3O" name="TestNG.SimpleTest" tests="2" failures="0" timestamp="2 Dec 2020 11:54:01 GMT" time="0.024" errors="0">
  <testcase name="thirdTest" time="0.008" classname="TestNG.SimpleTest"/>
  <testcase name="firstTest" time="0.016" classname="TestNG.SimpleTest"/>
</testsuite> <!-- TestNG.SimpleTest -->
