<?xml version="1.0" encoding="UTF-8"?>
<!-- Generated by org.testng.reporters.JUnitReportReporter -->
<testsuite hostname="DESKTOP-MOUQU3O" name="TestNG.NewTest" tests="1" failures="0" timestamp="4 Dec 2020 10:17:08 GMT" time="6.090" errors="0">
  <testcase name="testEasy" time="6.090" classname="TestNG.NewTest"/>
</testsuite> <!-- TestNG.NewTest -->
