<?xml version="1.0" encoding="UTF-8"?>
<!-- Generated by org.testng.reporters.JUnitReportReporter -->
<testsuite skipped="0" hostname="DESKTOP-MOUQU3O" name="Maven_Project.BeforeAndAfterMethods" tests="2" failures="0" timestamp="2020-10-03T08:00:15 IST" time="30.942" errors="0">
  <testcase name="register" time="6.456" classname="Maven_Project.BeforeAndAfterMethods"/>
  <system-out/>
  <testcase name="support" time="24.486" classname="Maven_Project.BeforeAndAfterMethods"/>
  <system-out/>
</testsuite> <!-- Maven_Project.BeforeAndAfterMethods -->
