<?xml version="1.0" encoding="UTF-8"?>
<!-- Generated by org.testng.reporters.JUnitReportReporter -->
<testsuite skipped="0" hostname="DESKTOP-MOUQU3O" name="Maven_Project.MavTest" tests="1" failures="0" timestamp="2020-10-03T08:00:15 IST" time="37.078" errors="0">
  <testcase name="verifyHomepageTitle" time="37.078" classname="Maven_Project.MavTest"/>
  <system-out/>
</testsuite> <!-- Maven_Project.MavTest -->
