<?xml version="1.0" encoding="UTF-8"?>
<!-- Generated by org.testng.reporters.JUnitReportReporter -->
<testsuite skipped="0" hostname="DESKTOP-MOUQU3O" name="Maven_Project.TestAnnotations" tests="5" failures="0" timestamp="2020-10-03T08:44:53 IST" time="0.048" errors="0">
  <testcase name="b_method" time="0.000" classname="Maven_Project.TestAnnotations"/>
  <system-out/>
  <testcase name="c_method" time="0.008" classname="Maven_Project.TestAnnotations"/>
  <system-out/>
  <testcase name="a_method" time="0.016" classname="Maven_Project.TestAnnotations"/>
  <system-out/>
  <testcase name="e_method" time="0.016" classname="Maven_Project.TestAnnotations"/>
  <system-out/>
  <testcase name="d_method" time="0.008" classname="Maven_Project.TestAnnotations"/>
  <system-out/>
</testsuite> <!-- Maven_Project.TestAnnotations -->
